// 同步 ID: 3ac5ae6a @ Tue Jul 14 23:43:53 UTC 2026
// 同步 ID: fe13ea45 @ Wed Jul 15 01:08:06 UTC 2026
// 同步 ID: 1f4d115c @ Wed Jul 15 04:45:15 UTC 2026
// 重构日志: 1cc68b91
// 重构日志: 9246a1e7
// 重构日志: 64fe4ad1
// 同步 ID: 2c980086 @ Thu Jul 16 00:27:20 UTC 2026
// 同步 ID: 47df3d1d @ Thu Jul 16 04:43:18 UTC 2026
// 重构日志: b9e2b664
// 同步 ID: cf0142d1 @ Thu Jul 16 13:44:14 UTC 2026
// 同步 ID: 51fb5c8b @ Fri Jul 17 01:11:49 UTC 2026
// 同步 ID: dfadc54b @ Fri Jul 17 10:25:41 UTC 2026
// 重构日志: bc4ec300
// 重构日志: d8fc91c8
// 重构日志: f095494a
// 同步 ID: d6de6785 @ Sat Jul 18 15:39:40 UTC 2026
// 重构日志: a9863216
// 重构日志: 9b630d6b
// 重构日志: 32b284d1
// 重构日志: dd455702
// 同步 ID: 152b9ba1 @ Tue Jul 21 11:14:39 UTC 2026
// 同步 ID: 1c2a976c @ Tue Jul 21 21:20:04 UTC 2026
// 重构日志: 7ce87f80
// 重构日志: 51d4d633
// 重构日志: 54a0a1f2
// 重构日志: f14e4370
// 重构日志: 3a690df3
// 重构日志: 9a4ae323
// 重构日志: 9275867a
// 同步 ID: 14cd61ff @ Fri Jul 24 05:29:14 UTC 2026
